# JRE version: OpenJDK Runtime Environment Temurin-21.0.10+7 (21.0.10+7) (build 21.0.10+7-LTS)
# Java VM: OpenJDK 64-Bit Server VM Temurin-21.0.10+7 (21.0.10+7-LTS, mixed mode, sharing, tiered, compressed oops, compressed class ptrs, g1 gc, windows-amd64)
GC Precious Log:
 CardTable entry size: 512
 Card Set container configuration: InlinePtr #cards 5 size 8 Array Of Cards #cards 12 size 40 Howl #buckets 4 coarsen threshold 1843 Howl Bitmap #cards 512 size 80 coarsen threshold 460 Card regions per heap region 1 cards per card region 2048
 CPUs: 2 total, 2 available
 Memory: 3737M
 Large Page Support: Disabled
 NUMA Support: Disabled
 Compressed Oops: Enabled (32-bit)
 Heap Region Size: 1M
 Heap Min Capacity: 8M
 Heap Initial Capacity: 60M
 Heap Max Capacity: 936M
 Pre-touch: Disabled
 Parallel Workers: 2
 Concurrent Workers: 1
 Concurrent Refinement Workers: 2
 Periodic GC: Disabled
Heap:
 garbage-first heap   total 96256K, used 66677K [0x00000000c5800000, 0x0000000100000000)
  region size 1024K, 29 young (29696K), 7 survivors (7168K)
 Metaspace       used 34661K, committed 35264K, reserved 1114112K
  class space    used 4316K, committed 4608K, reserved 1048576K
GC Heap History (20 events):
Event: 51.941 GC heap before
{Heap before GC invocations=2 (full 0):
 garbage-first heap   total 61440K, used 6981K [0x00000000c5800000, 0x0000000100000000)
  region size 1024K, 3 young (3072K), 1 survivors (1024K)
 Metaspace       used 3305K, committed 3456K, reserved 1114112K
  class space    used 225K, committed 320K, reserved 1048576K
}
Event: 51.943 GC heap after
{Heap after GC invocations=3 (full 0):
 garbage-first heap   total 61440K, used 5234K [0x00000000c5800000, 0x0000000100000000)
  region size 1024K, 1 young (1024K), 1 survivors (1024K)
 Metaspace       used 3305K, committed 3456K, reserved 1114112K
  class space    used 225K, committed 320K, reserved 1048576K
}
Event: 54.316 GC heap before
{Heap before GC invocations=3 (full 0):
 garbage-first heap   total 61440K, used 10354K [0x00000000c5800000, 0x0000000100000000)
  region size 1024K, 7 young (7168K), 1 survivors (1024K)
 Metaspace       used 5380K, committed 5568K, reserved 1114112K
  class space    used 484K, committed 576K, reserved 1048576K
}
Event: 54.320 GC heap after
{Heap after GC invocations=4 (full 0):
 garbage-first heap   total 61440K, used 5818K [0x00000000c5800000, 0x0000000100000000)
  region size 1024K, 1 young (1024K), 1 survivors (1024K)
 Metaspace       used 5380K, committed 5568K, reserved 1114112K
  class space    used 484K, committed 576K, reserved 1048576K
}
Event: 57.399 GC heap before
{Heap before GC invocations=4 (full 0):
 garbage-first heap   total 61440K, used 20154K [0x00000000c5800000, 0x0000000100000000)
  region size 1024K, 16 young (16384K), 1 survivors (1024K)
 Metaspace       used 9106K, committed 9280K, reserved 1114112K
  class space    used 959K, committed 1024K, reserved 1048576K
}
Event: 57.404 GC heap after
{Heap after GC invocations=5 (full 0):
 garbage-first heap   total 61440K, used 6848K [0x00000000c5800000, 0x0000000100000000)
  region size 1024K, 2 young (2048K), 2 survivors (2048K)
 Metaspace       used 9106K, committed 9280K, reserved 1114112K
  class space    used 959K, committed 1024K, reserved 1048576K
}
Event: 102.070 GC heap before
{Heap before GC invocations=5 (full 0):
 garbage-first heap   total 61440K, used 47808K [0x00000000c5800000, 0x0000000100000000)
  region size 1024K, 36 young (36864K), 2 survivors (2048K)
 Metaspace       used 20766K, committed 21056K, reserved 1114112K
  class space    used 2675K, committed 2816K, reserved 1048576K
}
Event: 102.080 GC heap after
{Heap after GC invocations=6 (full 0):
 garbage-first heap   total 61440K, used 16064K [0x00000000c5800000, 0x0000000100000000)
  region size 1024K, 4 young (4096K), 4 survivors (4096K)
 Metaspace       used 20766K, committed 21056K, reserved 1114112K
  class space    used 2675K, committed 2816K, reserved 1048576K
}
Event: 102.744 GC heap before
{Heap before GC invocations=6 (full 0):
 garbage-first heap   total 61440K, used 49856K [0x00000000c5800000, 0x0000000100000000)
  region size 1024K, 36 young (36864K), 4 survivors (4096K)
 Metaspace       used 21152K, committed 21440K, reserved 1114112K
  class space    used 2684K, committed 2816K, reserved 1048576K
}
Event: 102.800 GC heap after
{Heap after GC invocations=7 (full 0):
 garbage-first heap   total 66560K, used 29184K [0x00000000c5800000, 0x0000000100000000)
  region size 1024K, 5 young (5120K), 5 survivors (5120K)
 Metaspace       used 21152K, committed 21440K, reserved 1114112K
  class space    used 2684K, committed 2816K, reserved 1048576K
}
Event: 103.811 GC heap before
{Heap before GC invocations=7 (full 0):
 garbage-first heap   total 66560K, used 30208K [0x00000000c5800000, 0x0000000100000000)
  region size 1024K, 6 young (6144K), 5 survivors (5120K)
 Metaspace       used 21152K, committed 21440K, reserved 1114112K
  class space    used 2684K, committed 2816K, reserved 1048576K
}
Event: 103.862 GC heap after
{Heap after GC invocations=8 (full 0):
 garbage-first heap   total 66560K, used 30081K [0x00000000c5800000, 0x0000000100000000)
  region size 1024K, 1 young (1024K), 1 survivors (1024K)
 Metaspace       used 21152K, committed 21440K, reserved 1114112K
  class space    used 2684K, committed 2816K, reserved 1048576K
}
Event: 106.959 GC heap before
{Heap before GC invocations=8 (full 0):
 garbage-first heap   total 66560K, used 34177K [0x00000000c5800000, 0x0000000100000000)
  region size 1024K, 6 young (6144K), 1 survivors (1024K)
 Metaspace       used 21158K, committed 21440K, reserved 1114112K
  class space    used 2684K, committed 2816K, reserved 1048576K
}
Event: 107.206 GC heap after
{Heap after GC invocations=9 (full 0):
 garbage-first heap   total 66560K, used 24196K [0x00000000c5800000, 0x0000000100000000)
  region size 1024K, 3 young (3072K), 3 survivors (3072K)
 Metaspace       used 21158K, committed 21440K, reserved 1114112K
  class space    used 2684K, committed 2816K, reserved 1048576K
}
Event: 110.319 GC heap before
{Heap before GC invocations=9 (full 0):
 garbage-first heap   total 66560K, used 42628K [0x00000000c5800000, 0x0000000100000000)
  region size 1024K, 17 young (17408K), 3 survivors (3072K)
 Metaspace       used 21165K, committed 21440K, reserved 1114112K
  class space    used 2684K, committed 2816K, reserved 1048576K
}
Event: 110.331 GC heap after
{Heap after GC invocations=10 (full 0):
 garbage-first heap   total 114688K, used 32322K [0x00000000c5800000, 0x0000000100000000)
  region size 1024K, 3 young (3072K), 3 survivors (3072K)
 Metaspace       used 21165K, committed 21440K, reserved 1114112K
  class space    used 2684K, committed 2816K, reserved 1048576K
}
Event: 112.142 GC heap before
{Heap before GC invocations=10 (full 0):
 garbage-first heap   total 114688K, used 36418K [0x00000000c5800000, 0x0000000100000000)
  region size 1024K, 8 young (8192K), 3 survivors (3072K)
 Metaspace       used 21203K, committed 21504K, reserved 1114112K
  class space    used 2686K, committed 2816K, reserved 1048576K
}
Event: 112.150 GC heap after
{Heap after GC invocations=11 (full 0):
 garbage-first heap   total 114688K, used 29764K [0x00000000c5800000, 0x0000000100000000)
  region size 1024K, 2 young (2048K), 2 survivors (2048K)
 Metaspace       used 21203K, committed 21504K, reserved 1114112K
  class space    used 2686K, committed 2816K, reserved 1048576K
}
Event: 154.420 GC heap before
{Heap before GC invocations=12 (full 0):
 garbage-first heap   total 96256K, used 87108K [0x00000000c5800000, 0x0000000100000000)
  region size 1024K, 49 young (50176K), 2 survivors (2048K)
 Metaspace       used 30945K, committed 31232K, reserved 1114112K
  class space    used 3901K, committed 4032K, reserved 1048576K
}
Event: 154.457 GC heap after
{Heap after GC invocations=13 (full 0):
 garbage-first heap   total 96256K, used 45173K [0x00000000c5800000, 0x0000000100000000)
  region size 1024K, 7 young (7168K), 7 survivors (7168K)
 Metaspace       used 30945K, committed 31232K, reserved 1114112K
  class space    used 3901K, committed 4032K, reserved 1048576K
}

